d:\dgdma\media.vcxprojggg\x64\release\vc142.pdb
d:\dgdma\media.vcxprojggg\x64\release\dmarender.obj
d:\dgdma\media.vcxprojggg\x64\release\process.obj
d:\dgdma\media.vcxprojggg\x64\release\decrypt.obj
d:\dgdma\media.vcxprojggg\x64\release\vectorhelper.obj
d:\dgdma\media.vcxprojggg\x64\release\entitys.obj
d:\dgdma\media.vcxprojggg\x64\release\main.obj
d:\dgdma\media.vcxprojggg\x64\release\imgui_widgets.obj
d:\dgdma\media.vcxprojggg\x64\release\imgui_tables.obj
d:\dgdma\media.vcxprojggg\x64\release\imgui_stdlib.obj
d:\dgdma\media.vcxprojggg\x64\release\imgui_impl_win32.obj
d:\dgdma\media.vcxprojggg\x64\release\imgui_impl_dx12.obj
d:\dgdma\media.vcxprojggg\x64\release\imgui_impl_dx11.obj
d:\dgdma\media.vcxprojggg\x64\release\imgui_draw.obj
d:\dgdma\media.vcxprojggg\x64\release\imgui_demo.obj
d:\dgdma\media.vcxprojggg\x64\release\imgui.obj
d:\dgdma\media.vcxprojggg\x64\release\shellcode.obj
d:\dgdma\media.vcxprojggg\x64\release\registry.obj
d:\dgdma\media.vcxprojggg\x64\release\memory.obj
d:\dgdma\media.vcxprojggg\x64\release\inputmanager.obj
d:\dgdma\media.vcxprojggg\x64\release\dmalibrary.obj
d:\dgdma\media.vcxprojggg\x64\release\vector.obj
d:\dgdma\media.vcxprojggg\x64\release\transform.obj
d:\dgdma\media.vcxprojggg\x64\release\rotator.obj
d:\dgdma\media.vcxprojggg\x64\release\quat.obj
d:\dgdma\media.vcxprojggg\x64\release\matrix.obj
d:\dgdma\media.vcxprojggg\x64\release\timer.obj
d:\dgdma\media.vcxprojggg\x64\release\throttler.obj
d:\dgdma\media.vcxprojggg\x64\release\string.obj
d:\dgdma\media.vcxprojggg\x64\release\kmboxnet.obj
d:\dgdma\media.vcxprojggg\x64\release\mobox.obj
d:\dgdma\media.vcxprojggg\x64\release\lurker.obj
d:\dgdma\media.vcxprojggg\x64\release\kmbox.obj
d:\dgdma\media.vcxprojggg\x64\release\texture.obj
d:\dgdma\media.vcxprojggg\x64\release\overlay.obj
d:\dgdma\media.vcxprojggg\x64\release\cjson.obj
d:\dgdma\media.vcxprojggg\x64\release\media.exe
d:\dgdma\media.vcxprojggg\x64\release\media.pdb
d:\dgdma\media.vcxprojggg\x64\release\media.lib
d:\dgdma\media.vcxprojggg\x64\release\media.exp
d:\dgdma\media.vcxprojggg\x64\release\media.ipdb
d:\dgdma\media.vcxprojggg\x64\release\media.iobj
d:\dgdma\media.vcxprojggg\x64\release\media.tlog\cl.command.1.tlog
d:\dgdma\media.vcxprojggg\x64\release\media.tlog\cl.read.1.tlog
d:\dgdma\media.vcxprojggg\x64\release\media.tlog\cl.write.1.tlog
d:\dgdma\media.vcxprojggg\x64\release\media.tlog\link.command.1.tlog
d:\dgdma\media.vcxprojggg\x64\release\media.tlog\link.delete.1.tlog
d:\dgdma\media.vcxprojggg\x64\release\media.tlog\link.read.1.tlog
d:\dgdma\media.vcxprojggg\x64\release\media.tlog\link.write.1.tlog
d:\dgdma\media.vcxprojggg\x64\release\media.tlog\media.write.1u.tlog
